<?xml version="1.0" encoding="UTF-8"?>
<testng-results ignored="0" total="1" passed="1" failed="0" skipped="0">
  <reporter-output>
  </reporter-output>
  <suite started-at="2022-09-27T16:47:38 IST" name="Default suite" finished-at="2022-09-27T16:47:38 IST" duration-ms="65">
    <groups>
    </groups>
    <test started-at="2022-09-27T16:47:38 IST" name="Default test" finished-at="2022-09-27T16:47:38 IST" duration-ms="65">
      <class name="sampleTest.DemoTest">
        <test-method signature="demotest()[pri:0, instance:sampleTest.DemoTest@3967e60c]" started-at="2022-09-27T16:47:38 IST" name="demotest" finished-at="2022-09-27T16:47:38 IST" duration-ms="14" status="PASS">
          <reporter-output>
          </reporter-output>
        </test-method> <!-- demotest -->
      </class> <!-- sampleTest.DemoTest -->
    </test> <!-- Default test -->
  </suite> <!-- Default suite -->
</testng-results>
